ď»żnode.exe : npm warn Unknown env config "devdir". This will stop working in the next major version of npm. See `npm 
help npmrc` for supported config options.
At line:1 char:1
+ & "C:\Program Files\nodejs/node.exe" "C:\Program Files\nodejs/node_mo ...
+ ~~~~~~~~~~~~~~~~~~~~~~~~~~~~~~~~~~~~~~~~~~~~~~~~~~~~~~~~~~~~~~~~~~~~~
    + CategoryInfo          : NotSpecified: (npm warn Unknow...config options.:String) [], RemoteException
    + FullyQualifiedErrorId : NativeCommandError
 

> temitope-fundraiser@1.0.0 build
> next build

  Î“Ă»â–“ Next.js 14.2.5

   Creating an optimized production build ...
 Î“ÂŁĂ´ Compiled successfully
   Linting and checking validity of types ...
   Collecting page data ...
   Generating static pages (0/26) ...
   Generating static pages (6/26) 
   Generating static pages (12/26) 
   Generating static pages (19/26) 
 Î“ÂŁĂ´ Generating static pages (26/26)
   Finalizing page optimization ...
   Collecting build traces ...

Route (app)                              Size     First Load JS
Î“Ă¶Ă® Î“ĂąĂŻ /                                    8.15 kB         115 kB
Î“Ă¶ÂŁ Î“ĂąĂŻ /_not-found                          871 B            88 kB
Î“Ă¶ÂŁ Î“ĂąĂŻ /about                               2.71 kB         109 kB
Î“Ă¶ÂŁ Î“ĂąĂŻ /admin                               4.32 kB        91.4 kB
Î“Ă¶ÂŁ â•žĂ† /api/admin/career-support            0 B                0 B
Î“Ă¶ÂŁ â•žĂ† /api/admin/donations                 0 B                0 B
Î“Ă¶ÂŁ â•žĂ† /api/admin/export                    0 B                0 B
Î“Ă¶ÂŁ â•žĂ† /api/admin/guestbook                 0 B                0 B
Î“Ă¶ÂŁ â•žĂ† /api/admin/login                     0 B                0 B
Î“Ă¶ÂŁ â•žĂ† /api/admin/stats                     0 B                0 B
Î“Ă¶ÂŁ â•žĂ† /api/admin/submissions               0 B                0 B
Î“Ă¶ÂŁ â•žĂ† /api/admin/updates                   0 B                0 B
Î“Ă¶ÂŁ Î“ĂąĂŻ /api/campaign/stats                  0 B                0 B
Î“Ă¶ÂŁ Î“ĂąĂŻ /api/campaign/updates                0 B                0 B
Î“Ă¶ÂŁ â•žĂ† /api/career-support                  0 B                0 B
Î“Ă¶ÂŁ â•žĂ† /api/donate                          0 B                0 B
Î“Ă¶ÂŁ â•žĂ† /api/donations/initiate              0 B                0 B
Î“Ă¶ÂŁ â•žĂ† /api/donations/verify                0 B                0 B
Î“Ă¶ÂŁ â•žĂ† /api/guestbook                       0 B                0 B
Î“Ă¶ÂŁ â•žĂ† /api/webhook                         0 B                0 B
Î“Ă¶ÂŁ Î“ĂąĂŻ /campaign                            1.94 kB         103 kB
Î“Ă¶ÂŁ Î“ĂąĂŻ /donate/success                      1.45 kB        95.4 kB
Î“Ă¶ÂŁ Î“ĂąĂŻ /guestbook                           2.42 kB         109 kB
Î“Ă¶Ă¶ Î“ĂąĂŻ /transparency                        2.77 kB         109 kB
+ First Load JS shared by all            87.1 kB
  Î“Ă¶ÂŁ chunks/23-0af35b33a89c94fa.js        31.5 kB
  Î“Ă¶ÂŁ chunks/fd9d1056-1bc0021824c38577.js  53.6 kB
  Î“Ă¶Ă¶ other shared chunks (total)          1.95 kB


Î“ĂąĂŻ  (Static)   prerendered as static content
â•žĂ†  (Dynamic)  server-rendered on demand

